<?xml version="1.0" encoding="UTF-8"?>
<testsuites name="Mocha Tests" time="3.3970000000000002" tests="3" failures="0">
  <testsuite name="Root Suite" timestamp="2018-09-21T10:32:45" tests="0" failures="0" time="0">
  </testsuite>
  <testsuite name="Window" timestamp="2018-09-21T10:32:45" tests="3" failures="0" time="3.3970000000000002">
    <testcase name="Window cy.window() - get the global window object" time="2.028" classname="cy.window() - get the global window object">
    </testcase>
    <testcase name="Window cy.document() - get the document object" time="0.608" classname="cy.document() - get the document object">
    </testcase>
    <testcase name="Window cy.title() - get the title" time="0.761" classname="cy.title() - get the title">
    </testcase>
  </testsuite>
</testsuites>